{
    "files": {
        "library/__init__.py": {
            "excluded_lines": [],
            "executed_lines": [
                0
            ],
            "missing_lines": [],
            "summary": {
                "covered_lines": 0,
                "excluded_lines": 0,
                "missing_lines": 0,
                "num_statements": 0,
                "percent_covered": 100.0,
                "percent_covered_display": "100"
            }
        },
        "library/asgi.py": {
            "excluded_lines": [],
            "executed_lines": [],
            "missing_lines": [
                10,
                12,
                14,
                16
            ],
            "summary": {
                "covered_lines": 0,
                "excluded_lines": 0,
                "missing_lines": 4,
                "num_statements": 4,
                "percent_covered": 0.0,
                "percent_covered_display": "0"
            }
        },
        "library/settings.py": {
            "excluded_lines": [],
            "executed_lines": [
                1,
                2,
                3,
                4,
                8,
                15,
                18,
                20,
                25,
                37,
                48,
                58,
                60,
                76,
                82,
                100,
                119,
                121,
                123,
                125,
                131,
                133,
                139,
                141
            ],
            "missing_lines": [],
            "summary": {
                "covered_lines": 24,
                "excluded_lines": 0,
                "missing_lines": 0,
                "num_statements": 24,
                "percent_covered": 100.0,
                "percent_covered_display": "100"
            }
        },
        "library/urls.py": {
            "excluded_lines": [],
            "executed_lines": [
                1,
                2,
                4
            ],
            "missing_lines": [],
            "summary": {
                "covered_lines": 3,
                "excluded_lines": 0,
                "missing_lines": 0,
                "num_statements": 3,
                "percent_covered": 100.0,
                "percent_covered_display": "100"
            }
        },
        "library/wsgi.py": {
            "excluded_lines": [],
            "executed_lines": [],
            "missing_lines": [
                10,
                12,
                14,
                16
            ],
            "summary": {
                "covered_lines": 0,
                "excluded_lines": 0,
                "missing_lines": 4,
                "num_statements": 4,
                "percent_covered": 0.0,
                "percent_covered_display": "0"
            }
        },
        "library_app/__init__.py": {
            "excluded_lines": [],
            "executed_lines": [
                0
            ],
            "missing_lines": [],
            "summary": {
                "covered_lines": 0,
                "excluded_lines": 0,
                "missing_lines": 0,
                "num_statements": 0,
                "percent_covered": 100.0,
                "percent_covered_display": "100"
            }
        },
        "library_app/admin.py": {
            "excluded_lines": [],
            "executed_lines": [
                1,
                2,
                3,
                4,
                5,
                7,
                9,
                10,
                11,
                13,
                14,
                15,
                17,
                18,
                19,
                21,
                22,
                23,
                24,
                26,
                27,
                28,
                29,
                31,
                32,
                33,
                35,
                36,
                37,
                39,
                45,
                54,
                55,
                56,
                57,
                58,
                64,
                65,
                66,
                68,
                69,
                70
            ],
            "missing_lines": [
                40,
                46,
                47,
                48,
                49,
                50,
                51
            ],
            "summary": {
                "covered_lines": 42,
                "excluded_lines": 0,
                "missing_lines": 7,
                "num_statements": 49,
                "percent_covered": 85.71428571428571,
                "percent_covered_display": "86"
            }
        },
        "library_app/apps.py": {
            "excluded_lines": [],
            "executed_lines": [
                1,
                4,
                5,
                6
            ],
            "missing_lines": [],
            "summary": {
                "covered_lines": 4,
                "excluded_lines": 0,
                "missing_lines": 0,
                "num_statements": 4,
                "percent_covered": 100.0,
                "percent_covered_display": "100"
            }
        },
        "library_app/config.py": {
            "excluded_lines": [],
            "executed_lines": [
                1,
                2
            ],
            "missing_lines": [],
            "summary": {
                "covered_lines": 2,
                "excluded_lines": 0,
                "missing_lines": 0,
                "num_statements": 2,
                "percent_covered": 100.0,
                "percent_covered_display": "100"
            }
        },
        "library_app/forms.py": {
            "excluded_lines": [],
            "executed_lines": [
                1,
                2,
                3,
                4,
                6,
                8,
                9,
                10,
                11,
                13,
                14,
                15,
                17,
                18,
                23,
                24,
                25,
                26,
                27,
                28,
                29,
                30,
                31,
                32,
                33,
                34
            ],
            "missing_lines": [],
            "summary": {
                "covered_lines": 26,
                "excluded_lines": 0,
                "missing_lines": 0,
                "num_statements": 26,
                "percent_covered": 100.0,
                "percent_covered_display": "100"
            }
        },
        "library_app/migrations/0001_initial.py": {
            "excluded_lines": [],
            "executed_lines": [
                3,
                4,
                5,
                6,
                9,
                11,
                13,
                16
            ],
            "missing_lines": [],
            "summary": {
                "covered_lines": 8,
                "excluded_lines": 0,
                "missing_lines": 0,
                "num_statements": 8,
                "percent_covered": 100.0,
                "percent_covered_display": "100"
            }
        },
        "library_app/migrations/0002_client_bookclient.py": {
            "excluded_lines": [],
            "executed_lines": [
                3,
                4,
                5,
                6,
                7,
                10,
                12,
                17
            ],
            "missing_lines": [],
            "summary": {
                "covered_lines": 8,
                "excluded_lines": 0,
                "missing_lines": 0,
                "num_statements": 8,
                "percent_covered": 100.0,
                "percent_covered_display": "100"
            }
        },
        "library_app/migrations/0003_book_price_client_books_alter_client_money_and_more.py": {
            "excluded_lines": [],
            "executed_lines": [
                3,
                4,
                7,
                9,
                13
            ],
            "missing_lines": [],
            "summary": {
                "covered_lines": 5,
                "excluded_lines": 0,
                "missing_lines": 0,
                "num_statements": 5,
                "percent_covered": 100.0,
                "percent_covered_display": "100"
            }
        },
        "library_app/migrations/__init__.py": {
            "excluded_lines": [],
            "executed_lines": [
                0
            ],
            "missing_lines": [],
            "summary": {
                "covered_lines": 0,
                "excluded_lines": 0,
                "missing_lines": 0,
                "num_statements": 0,
                "percent_covered": 100.0,
                "percent_covered_display": "100"
            }
        },
        "library_app/models.py": {
            "excluded_lines": [],
            "executed_lines": [
                1,
                2,
                3,
                4,
                5,
                6,
                7,
                9,
                10,
                12,
                13,
                15,
                16,
                18,
                19,
                20,
                24,
                31,
                38,
                39,
                44,
                45,
                47,
                48,
                53,
                54,
                56,
                57,
                59,
                61,
                64,
                65,
                66,
                67,
                68,
                70,
                71,
                72,
                74,
                76,
                79,
                80,
                81,
                82,
                83,
                85,
                92,
                97,
                98,
                99,
                102,
                104,
                105,
                107,
                108,
                110,
                111,
                112,
                114,
                116,
                119,
                120,
                121,
                122,
                123,
                124,
                125,
                133,
                134,
                135,
                137,
                140,
                141,
                142,
                143,
                144,
                146,
                147,
                148,
                150,
                153,
                154,
                155,
                158,
                159,
                161,
                162,
                163,
                165,
                168,
                169,
                170,
                173,
                174,
                176,
                177,
                178,
                180,
                182,
                183,
                190,
                195,
                196,
                198,
                199,
                200,
                201,
                203,
                204,
                205,
                207,
                208,
                209,
                211,
                212,
                213,
                215,
                216,
                217,
                219,
                222,
                223,
                224,
                226,
                227,
                228,
                229,
                230
            ],
            "missing_lines": [
                25,
                26,
                32,
                33,
                62,
                77,
                86,
                87,
                100,
                117,
                138,
                151,
                166,
                179,
                220
            ],
            "summary": {
                "covered_lines": 128,
                "excluded_lines": 0,
                "missing_lines": 15,
                "num_statements": 143,
                "percent_covered": 89.5104895104895,
                "percent_covered_display": "90"
            }
        },
        "library_app/serializers.py": {
            "excluded_lines": [],
            "executed_lines": [
                1,
                3,
                5,
                6,
                7,
                8,
                14,
                15,
                16,
                17,
                21,
                22,
                23,
                24
            ],
            "missing_lines": [],
            "summary": {
                "covered_lines": 14,
                "excluded_lines": 0,
                "missing_lines": 0,
                "num_statements": 14,
                "percent_covered": 100.0,
                "percent_covered_display": "100"
            }
        },
        "library_app/urls.py": {
            "excluded_lines": [],
            "executed_lines": [
                1,
                2,
                4,
                6,
                7,
                8,
                9,
                11
            ],
            "missing_lines": [],
            "summary": {
                "covered_lines": 8,
                "excluded_lines": 0,
                "missing_lines": 0,
                "num_statements": 8,
                "percent_covered": 100.0,
                "percent_covered_display": "100"
            }
        },
        "library_app/views.py": {
            "excluded_lines": [],
            "executed_lines": [
                1,
                2,
                3,
                4,
                5,
                6,
                8,
                9,
                10,
                12,
                13,
                23,
                24,
                25,
                26,
                27,
                28,
                30,
                31,
                32,
                33,
                34,
                35,
                36,
                37,
                38,
                40,
                41,
                42,
                44,
                45,
                46,
                47,
                48,
                49,
                50,
                51,
                52,
                53,
                54,
                56,
                57,
                58,
                59,
                60,
                65,
                67,
                68,
                69,
                71,
                72,
                73,
                75,
                76,
                77,
                78,
                79,
                80,
                82,
                83,
                84,
                85,
                86,
                88,
                90,
                91,
                92,
                94,
                95,
                96,
                104,
                106,
                115,
                116,
                117,
                118,
                120,
                127,
                129,
                131,
                141,
                142
            ],
            "missing_lines": [
                55,
                97,
                98,
                99,
                100,
                102,
                121,
                122,
                123,
                124,
                125,
                143,
                144,
                145,
                146,
                147,
                148,
                149,
                150,
                151,
                152,
                153,
                154,
                155,
                156,
                157,
                158,
                160
            ],
            "summary": {
                "covered_lines": 82,
                "excluded_lines": 0,
                "missing_lines": 28,
                "num_statements": 110,
                "percent_covered": 74.54545454545455,
                "percent_covered_display": "75"
            }
        },
        "manage.py": {
            "excluded_lines": [],
            "executed_lines": [
                2,
                3,
                4,
                7,
                9,
                10,
                11,
                18,
                21,
                22
            ],
            "missing_lines": [
                12,
                13
            ],
            "summary": {
                "covered_lines": 10,
                "excluded_lines": 0,
                "missing_lines": 2,
                "num_statements": 12,
                "percent_covered": 83.33333333333333,
                "percent_covered_display": "83"
            }
        },
        "tests/runner.py": {
            "excluded_lines": [],
            "executed_lines": [
                1,
                2,
                3,
                4,
                5,
                8,
                9,
                10,
                13,
                14,
                15,
                16,
                17,
                18
            ],
            "missing_lines": [],
            "summary": {
                "covered_lines": 14,
                "excluded_lines": 0,
                "missing_lines": 0,
                "num_statements": 14,
                "percent_covered": 100.0,
                "percent_covered_display": "100"
            }
        },
        "tests/test_api.py": {
            "excluded_lines": [],
            "executed_lines": [
                1,
                2,
                3,
                4,
                5,
                7,
                9,
                10,
                11,
                12,
                18,
                19,
                20,
                21,
                22,
                23,
                25,
                26,
                27,
                28,
                30,
                31,
                33,
                34,
                36,
                42,
                45,
                46,
                49,
                50,
                53,
                54,
                57,
                58,
                60,
                61,
                66,
                67,
                72,
                74,
                75,
                76
            ],
            "missing_lines": [],
            "summary": {
                "covered_lines": 42,
                "excluded_lines": 0,
                "missing_lines": 0,
                "num_statements": 42,
                "percent_covered": 100.0,
                "percent_covered_display": "100"
            }
        },
        "tests/test_forms.py": {
            "excluded_lines": [],
            "executed_lines": [
                1,
                2,
                4,
                5,
                8,
                9,
                10,
                11,
                13,
                14,
                15,
                16,
                18,
                19,
                21,
                22,
                24,
                25,
                28,
                29,
                38,
                39,
                41,
                42,
                43,
                44,
                45,
                47,
                48,
                55,
                56,
                63,
                64,
                71,
                72,
                78,
                79,
                80,
                81
            ],
            "missing_lines": [],
            "summary": {
                "covered_lines": 39,
                "excluded_lines": 0,
                "missing_lines": 0,
                "num_statements": 39,
                "percent_covered": 100.0,
                "percent_covered_display": "100"
            }
        },
        "tests/test_models.py": {
            "excluded_lines": [],
            "executed_lines": [
                1,
                2,
                4,
                6,
                7,
                8,
                9,
                10,
                11,
                12,
                14,
                15,
                16,
                17,
                18,
                19,
                20,
                21,
                23,
                24,
                25,
                26,
                27,
                29,
                30,
                31,
                33,
                34,
                35,
                37,
                44,
                45,
                46
            ],
            "missing_lines": [],
            "summary": {
                "covered_lines": 33,
                "excluded_lines": 0,
                "missing_lines": 0,
                "num_statements": 33,
                "percent_covered": 100.0,
                "percent_covered_display": "100"
            }
        },
        "tests/test_views.py": {
            "excluded_lines": [],
            "executed_lines": [
                1,
                2,
                3,
                4,
                5,
                7,
                9,
                10,
                11,
                12,
                13,
                14,
                15,
                17,
                18,
                20,
                22,
                23,
                25,
                27,
                28,
                29,
                31,
                32,
                34,
                36,
                37,
                38,
                39,
                40,
                41,
                44,
                45,
                47,
                49,
                50,
                52,
                53,
                56,
                57,
                58,
                60,
                63,
                69,
                74,
                75,
                77,
                78,
                79,
                80,
                82,
                88,
                89
            ],
            "missing_lines": [],
            "summary": {
                "covered_lines": 53,
                "excluded_lines": 0,
                "missing_lines": 0,
                "num_statements": 53,
                "percent_covered": 100.0,
                "percent_covered_display": "100"
            }
        }
    },
    "meta": {
        "branch_coverage": false,
        "format": 2,
        "show_contexts": false,
        "timestamp": "2024-05-04T15:21:20.192406",
        "version": "7.5.0"
    },
    "totals": {
        "covered_lines": 545,
        "excluded_lines": 0,
        "missing_lines": 60,
        "num_statements": 605,
        "percent_covered": 90.08264462809917,
        "percent_covered_display": "90"
    }
}